<?xml version="1.0" encoding="UTF-8"?>
<testsuites tests="46" failures="0" disabled="0" errors="0" time="0.002" timestamp="2025-07-20T02:58:47.424" name="AllTests">
  <testsuite name="FreeRTOSTaskTest" tests="46" failures="0" disabled="0" skipped="0" errors="0" time="0.002" timestamp="2025-07-20T02:58:47.424">
    <testcase name="StaticTaskAllocatorConstruction" file="/home/runner/work/freertos_cpp_wrappers/freertos_cpp_wrappers/tests/test_freertos_task.cpp" line="56" status="run" result="completed" time="0." timestamp="2025-07-20T02:58:47.424" classname="FreeRTOSTaskTest" />
    <testcase name="StaticTaskAllocatorCreate" file="/home/runner/work/freertos_cpp_wrappers/freertos_cpp_wrappers/tests/test_freertos_task.cpp" line="68" status="run" result="completed" time="0." timestamp="2025-07-20T02:58:47.424" classname="FreeRTOSTaskTest" />
    <testcase name="StaticTaskAllocatorCreateNullReturn" file="/home/runner/work/freertos_cpp_wrappers/freertos_cpp_wrappers/tests/test_freertos_task.cpp" line="87" status="run" result="completed" time="0." timestamp="2025-07-20T02:58:47.424" classname="FreeRTOSTaskTest" />
    <testcase name="DynamicTaskAllocatorConstruction" file="/home/runner/work/freertos_cpp_wrappers/freertos_cpp_wrappers/tests/test_freertos_task.cpp" line="104" status="run" result="completed" time="0." timestamp="2025-07-20T02:58:47.424" classname="FreeRTOSTaskTest" />
    <testcase name="DynamicTaskAllocatorCreateSuccess" file="/home/runner/work/freertos_cpp_wrappers/freertos_cpp_wrappers/tests/test_freertos_task.cpp" line="116" status="run" result="completed" time="0." timestamp="2025-07-20T02:58:47.424" classname="FreeRTOSTaskTest" />
    <testcase name="DynamicTaskAllocatorCreateFailure" file="/home/runner/work/freertos_cpp_wrappers/freertos_cpp_wrappers/tests/test_freertos_task.cpp" line="137" status="run" result="completed" time="0." timestamp="2025-07-20T02:58:47.424" classname="FreeRTOSTaskTest" />
    <testcase name="StaticTaskConstruction" file="/home/runner/work/freertos_cpp_wrappers/freertos_cpp_wrappers/tests/test_freertos_task.cpp" line="154" status="run" result="completed" time="0." timestamp="2025-07-20T02:58:47.424" classname="FreeRTOSTaskTest" />
    <testcase name="StaticTaskConstructionWithString" file="/home/runner/work/freertos_cpp_wrappers/freertos_cpp_wrappers/tests/test_freertos_task.cpp" line="168" status="run" result="completed" time="0." timestamp="2025-07-20T02:58:47.424" classname="FreeRTOSTaskTest" />
    <testcase name="StaticTaskDestruction" file="/home/runner/work/freertos_cpp_wrappers/freertos_cpp_wrappers/tests/test_freertos_task.cpp" line="183" status="run" result="completed" time="0." timestamp="2025-07-20T02:58:47.424" classname="FreeRTOSTaskTest" />
    <testcase name="StaticTaskDestructionNullHandle" file="/home/runner/work/freertos_cpp_wrappers/freertos_cpp_wrappers/tests/test_freertos_task.cpp" line="194" status="run" result="completed" time="0." timestamp="2025-07-20T02:58:47.424" classname="FreeRTOSTaskTest" />
    <testcase name="StaticTaskSuspendResume" file="/home/runner/work/freertos_cpp_wrappers/freertos_cpp_wrappers/tests/test_freertos_task.cpp" line="207" status="run" result="completed" time="0." timestamp="2025-07-20T02:58:47.424" classname="FreeRTOSTaskTest" />
    <testcase name="StaticTaskTerminate" file="/home/runner/work/freertos_cpp_wrappers/freertos_cpp_wrappers/tests/test_freertos_task.cpp" line="227" status="run" result="completed" time="0." timestamp="2025-07-20T02:58:47.424" classname="FreeRTOSTaskTest" />
    <testcase name="StaticTaskPriority" file="/home/runner/work/freertos_cpp_wrappers/freertos_cpp_wrappers/tests/test_freertos_task.cpp" line="240" status="run" result="completed" time="0." timestamp="2025-07-20T02:58:47.424" classname="FreeRTOSTaskTest" />
    <testcase name="StaticTaskName" file="/home/runner/work/freertos_cpp_wrappers/freertos_cpp_wrappers/tests/test_freertos_task.cpp" line="257" status="run" result="completed" time="0." timestamp="2025-07-20T02:58:47.425" classname="FreeRTOSTaskTest" />
    <testcase name="StaticTaskState" file="/home/runner/work/freertos_cpp_wrappers/freertos_cpp_wrappers/tests/test_freertos_task.cpp" line="271" status="run" result="completed" time="0." timestamp="2025-07-20T02:58:47.425" classname="FreeRTOSTaskTest" />
    <testcase name="DynamicTaskConstruction" file="/home/runner/work/freertos_cpp_wrappers/freertos_cpp_wrappers/tests/test_freertos_task.cpp" line="289" status="run" result="completed" time="0." timestamp="2025-07-20T02:58:47.425" classname="FreeRTOSTaskTest" />
    <testcase name="DynamicTaskConstructionFailure" file="/home/runner/work/freertos_cpp_wrappers/freertos_cpp_wrappers/tests/test_freertos_task.cpp" line="305" status="run" result="completed" time="0." timestamp="2025-07-20T02:58:47.425" classname="FreeRTOSTaskTest" />
    <testcase name="TaskNotifications" file="/home/runner/work/freertos_cpp_wrappers/freertos_cpp_wrappers/tests/test_freertos_task.cpp" line="321" status="run" result="completed" time="0." timestamp="2025-07-20T02:58:47.425" classname="FreeRTOSTaskTest" />
    <testcase name="PeriodicTaskConstruction" file="/home/runner/work/freertos_cpp_wrappers/freertos_cpp_wrappers/tests/test_freertos_task.cpp" line="363" status="run" result="completed" time="0." timestamp="2025-07-20T02:58:47.425" classname="FreeRTOSTaskTest" />
    <testcase name="PeriodicTaskWithString" file="/home/runner/work/freertos_cpp_wrappers/freertos_cpp_wrappers/tests/test_freertos_task.cpp" line="387" status="run" result="completed" time="0." timestamp="2025-07-20T02:58:47.425" classname="FreeRTOSTaskTest" />
    <testcase name="PeriodicTaskZeroPeriod" file="/home/runner/work/freertos_cpp_wrappers/freertos_cpp_wrappers/tests/test_freertos_task.cpp" line="409" status="run" result="completed" time="0." timestamp="2025-07-20T02:58:47.425" classname="FreeRTOSTaskTest" />
    <testcase name="PeriodicTaskNoPeriod" file="/home/runner/work/freertos_cpp_wrappers/freertos_cpp_wrappers/tests/test_freertos_task.cpp" line="430" status="run" result="completed" time="0." timestamp="2025-07-20T02:58:47.425" classname="FreeRTOSTaskTest" />
    <testcase name="PeriodicTaskIsRunning" file="/home/runner/work/freertos_cpp_wrappers/freertos_cpp_wrappers/tests/test_freertos_task.cpp" line="451" status="run" result="completed" time="0." timestamp="2025-07-20T02:58:47.425" classname="FreeRTOSTaskTest" />
    <testcase name="PeriodicTaskTerminate" file="/home/runner/work/freertos_cpp_wrappers/freertos_cpp_wrappers/tests/test_freertos_task.cpp" line="494" status="run" result="completed" time="0." timestamp="2025-07-20T02:58:47.425" classname="FreeRTOSTaskTest" />
    <testcase name="PeriodicTaskDestructorAbortDelay" file="/home/runner/work/freertos_cpp_wrappers/freertos_cpp_wrappers/tests/test_freertos_task.cpp" line="515" status="run" result="completed" time="0." timestamp="2025-07-20T02:58:47.425" classname="FreeRTOSTaskTest" />
    <testcase name="DelayFunction" file="/home/runner/work/freertos_cpp_wrappers/freertos_cpp_wrappers/tests/test_freertos_task.cpp" line="540" status="run" result="completed" time="0." timestamp="2025-07-20T02:58:47.425" classname="FreeRTOSTaskTest" />
    <testcase name="DelayUntilFunction" file="/home/runner/work/freertos_cpp_wrappers/freertos_cpp_wrappers/tests/test_freertos_task.cpp" line="549" status="run" result="completed" time="0." timestamp="2025-07-20T02:58:47.425" classname="FreeRTOSTaskTest" />
    <testcase name="SleepForFunction" file="/home/runner/work/freertos_cpp_wrappers/freertos_cpp_wrappers/tests/test_freertos_task.cpp" line="560" status="run" result="completed" time="0." timestamp="2025-07-20T02:58:47.425" classname="FreeRTOSTaskTest" />
    <testcase name="CurrentTaskHandle" file="/home/runner/work/freertos_cpp_wrappers/freertos_cpp_wrappers/tests/test_freertos_task.cpp" line="565" status="run" result="completed" time="0." timestamp="2025-07-20T02:58:47.425" classname="FreeRTOSTaskTest" />
    <testcase name="IdleTaskHandle" file="/home/runner/work/freertos_cpp_wrappers/freertos_cpp_wrappers/tests/test_freertos_task.cpp" line="572" status="run" result="completed" time="0." timestamp="2025-07-20T02:58:47.425" classname="FreeRTOSTaskTest" />
    <testcase name="TickCount" file="/home/runner/work/freertos_cpp_wrappers/freertos_cpp_wrappers/tests/test_freertos_task.cpp" line="580" status="run" result="completed" time="0." timestamp="2025-07-20T02:58:47.426" classname="FreeRTOSTaskTest" />
    <testcase name="TaskCount" file="/home/runner/work/freertos_cpp_wrappers/freertos_cpp_wrappers/tests/test_freertos_task.cpp" line="592" status="run" result="completed" time="0." timestamp="2025-07-20T02:58:47.426" classname="FreeRTOSTaskTest" />
    <testcase name="SchedulerState" file="/home/runner/work/freertos_cpp_wrappers/freertos_cpp_wrappers/tests/test_freertos_task.cpp" line="599" status="run" result="completed" time="0." timestamp="2025-07-20T02:58:47.426" classname="FreeRTOSTaskTest" />
    <testcase name="TimeSinceSchedulerStarted" file="/home/runner/work/freertos_cpp_wrappers/freertos_cpp_wrappers/tests/test_freertos_task.cpp" line="606" status="run" result="completed" time="0." timestamp="2025-07-20T02:58:47.426" classname="FreeRTOSTaskTest" />
    <testcase name="CriticalSection" file="/home/runner/work/freertos_cpp_wrappers/freertos_cpp_wrappers/tests/test_freertos_task.cpp" line="622" status="run" result="completed" time="0." timestamp="2025-07-20T02:58:47.426" classname="FreeRTOSTaskTest" />
    <testcase name="CriticalSectionISR" file="/home/runner/work/freertos_cpp_wrappers/freertos_cpp_wrappers/tests/test_freertos_task.cpp" line="632" status="run" result="completed" time="0." timestamp="2025-07-20T02:58:47.426" classname="FreeRTOSTaskTest" />
    <testcase name="InterruptBarrier" file="/home/runner/work/freertos_cpp_wrappers/freertos_cpp_wrappers/tests/test_freertos_task.cpp" line="642" status="run" result="completed" time="0." timestamp="2025-07-20T02:58:47.426" classname="FreeRTOSTaskTest" />
    <testcase name="SchedulerBarrier" file="/home/runner/work/freertos_cpp_wrappers/freertos_cpp_wrappers/tests/test_freertos_task.cpp" line="652" status="run" result="completed" time="0." timestamp="2025-07-20T02:58:47.426" classname="FreeRTOSTaskTest" />
    <testcase name="StackAllocationLimitation" file="/home/runner/work/freertos_cpp_wrappers/freertos_cpp_wrappers/tests/test_freertos_task.cpp" line="666" status="run" result="completed" time="0." timestamp="2025-07-20T02:58:47.426" classname="FreeRTOSTaskTest" />
    <testcase name="InvalidParameters" file="/home/runner/work/freertos_cpp_wrappers/freertos_cpp_wrappers/tests/test_freertos_task.cpp" line="707" status="run" result="completed" time="0." timestamp="2025-07-20T02:58:47.426" classname="FreeRTOSTaskTest" />
    <testcase name="ZeroStackSize" file="/home/runner/work/freertos_cpp_wrappers/freertos_cpp_wrappers/tests/test_freertos_task.cpp" line="719" status="run" result="completed" time="0." timestamp="2025-07-20T02:58:47.426" classname="FreeRTOSTaskTest" />
    <testcase name="VeryHighPriority" file="/home/runner/work/freertos_cpp_wrappers/freertos_cpp_wrappers/tests/test_freertos_task.cpp" line="730" status="run" result="completed" time="0." timestamp="2025-07-20T02:58:47.426" classname="FreeRTOSTaskTest" />
    <testcase name="TaskSystemStatus" file="/home/runner/work/freertos_cpp_wrappers/freertos_cpp_wrappers/tests/test_freertos_task.cpp" line="743" status="run" result="completed" time="0." timestamp="2025-07-20T02:58:47.426" classname="FreeRTOSTaskTest" />
    <testcase name="TaskChronoCompatibility" file="/home/runner/work/freertos_cpp_wrappers/freertos_cpp_wrappers/tests/test_freertos_task.cpp" line="758" status="run" result="completed" time="0." timestamp="2025-07-20T02:58:47.426" classname="FreeRTOSTaskTest" />
    <testcase name="TaskMoveConstruction" file="/home/runner/work/freertos_cpp_wrappers/freertos_cpp_wrappers/tests/test_freertos_task.cpp" line="788" status="run" result="completed" time="0." timestamp="2025-07-20T02:58:47.426" classname="FreeRTOSTaskTest" />
    <testcase name="PeriodicTaskMoveConstruction" file="/home/runner/work/freertos_cpp_wrappers/freertos_cpp_wrappers/tests/test_freertos_task.cpp" line="808" status="run" result="completed" time="0." timestamp="2025-07-20T02:58:47.426" classname="FreeRTOSTaskTest" />
  </testsuite>
</testsuites>
